{"devicePlatform":"","logFolder":"C:\\Users\\Runyo\\Desktop\\ADVANCE\\project new\\234project-backend\\Katalon test\\Reports\\test all\\20180511_000822","runData":{"hostName":"Runyo - 10.80.58.48","os":"Windows 10 64bit","katalonVersion":"5.4.1.1","browser":"Chrome 66.0.3359.139","hostAddress":"10.80.58.48","sessionId":"2a055fa0b8fb0dd1099267fbcc1b0e7d","seleniumVersion":"3.7.1","proxyInformation":"ProxyInformation{proxyOption\u003dNO_PROXY, proxyServerType\u003dHTTP, password\u003d, proxyServerAddress\u003d, proxyServerPort\u003d0}","platform":"Windows 10"},"type":"TEST_SUITE","name":"test all","id":"Test Suites/test all","source":"","message":"Test Cases/test admin role login FAILED because (of) Verify element text of test object \u0027Object Repository/admin product and transaction page/Page_ProjectBackend/a_Products\u0027 FAILED. (Root cause: com.kms.katalon.core.webui.exception.WebElementNotFoundException: Web element with id: \u0027Object Repository/admin product and transaction page/Page_ProjectBackend/a_Products\u0027 located by \u0027By.xpath: //*[@id\u003d\"navbarSupportedContent\"]/ul/li[1]/a\u0027 not found)","description":"","startTime":1525972104934,"endTime":1525972156161,"childRecords":[{"isOptional":false,"type":"TEST_CASE","name":"Test Cases/test admin role login","id":"Test Cases/test admin role login","source":"C:\\\\Users\\\\Runyo\\\\Desktop\\\\ADVANCE\\\\project new\\\\234project-backend\\\\Katalon test\\\\Test Cases\\\\test admin role login.tc","message":"Test Cases/test admin role login FAILED because (of) Verify element text of test object \u0027Object Repository/admin product and transaction page/Page_ProjectBackend/a_Products\u0027 FAILED. (Root cause: com.kms.katalon.core.webui.exception.WebElementNotFoundException: Web element with id: \u0027Object Repository/admin product and transaction page/Page_ProjectBackend/a_Products\u0027 located by \u0027By.xpath: //*[@id\u003d\"navbarSupportedContent\"]/ul/li[1]/a\u0027 not found)","description":"","startTime":1525972105373,"endTime":1525972155264,"childRecords":[{"testStatus":{"stackTrace":"","statusValue":"INFO"},"type":"MESSAGE","name":"","message":"Evaluating variables for test case","startTime":1525972105405,"endTime":0,"childRecords":[],"interuppted":false},{"testStatus":{"stackTrace":"","statusValue":"INFO"},"type":"MESSAGE","name":"","message":"Variable \u0027username\u0027 is set to  as default","startTime":1525972105490,"endTime":0,"childRecords":[],"interuppted":false},{"testStatus":{"stackTrace":"","statusValue":"INFO"},"type":"MESSAGE","name":"","message":"Variable \u0027password\u0027 is set to  as default","startTime":1525972105502,"endTime":0,"childRecords":[],"interuppted":false},{"index":1,"isIgnoredIfFailed":false,"type":"TEST_STEP","name":"openBrowser","message":"Browser is opened with url: \u0027\u0027","description":"","startTime":1525972105831,"endTime":1525972110683,"childRecords":[{"testStatus":{"stackTrace":"","statusValue":"PASSED"},"type":"MESSAGE","name":"","message":"Browser is opened with url: \u0027\u0027","startTime":1525972110682,"endTime":0,"childRecords":[],"interuppted":false}],"interuppted":false},{"index":2,"isIgnoredIfFailed":false,"type":"TEST_STEP","name":"navigateToUrl","message":"Navigate to \u0027http://34.215.216.185:7071/\u0027 successfully","description":"","startTime":1525972110683,"endTime":1525972118275,"childRecords":[{"testStatus":{"stackTrace":"","statusValue":"PASSED"},"type":"MESSAGE","name":"","message":"Navigate to \u0027http://34.215.216.185:7071/\u0027 successfully","startTime":1525972118274,"endTime":0,"childRecords":[],"interuppted":false}],"interuppted":false},{"index":3,"isIgnoredIfFailed":false,"type":"TEST_STEP","name":"setText","message":"Text \u0027\u0027 is set on object \u0027Object Repository/admin product and transaction page/Page_ProjectBackend/input_username\u0027","description":"","startTime":1525972118275,"endTime":1525972118612,"childRecords":[{"testStatus":{"stackTrace":"","statusValue":"PASSED"},"type":"MESSAGE","name":"","message":"Text \u0027\u0027 is set on object \u0027Object Repository/admin product and transaction page/Page_ProjectBackend/input_username\u0027","startTime":1525972118612,"endTime":0,"childRecords":[],"interuppted":false}],"interuppted":false},{"index":4,"isIgnoredIfFailed":false,"type":"TEST_STEP","name":"setText","message":"Text \u0027\u0027 is set on object \u0027Object Repository/admin product and transaction page/Page_ProjectBackend/input_password\u0027","description":"","startTime":1525972118612,"endTime":1525972118798,"childRecords":[{"testStatus":{"stackTrace":"","statusValue":"PASSED"},"type":"MESSAGE","name":"","message":"Text \u0027\u0027 is set on object \u0027Object Repository/admin product and transaction page/Page_ProjectBackend/input_password\u0027","startTime":1525972118798,"endTime":0,"childRecords":[],"interuppted":false}],"interuppted":false},{"index":5,"isIgnoredIfFailed":false,"type":"TEST_STEP","name":"click","message":"Object: \u0027Object Repository/admin product and transaction page/Page_ProjectBackend/button_Login\u0027 is clicked on","description":"","startTime":1525972118798,"endTime":1525972124101,"childRecords":[{"testStatus":{"stackTrace":"","statusValue":"PASSED"},"type":"MESSAGE","name":"","message":"Object: \u0027Object Repository/admin product and transaction page/Page_ProjectBackend/button_Login\u0027 is clicked on","startTime":1525972124101,"endTime":0,"childRecords":[],"interuppted":false}],"interuppted":false},{"attachment":"1525972155023.png","index":6,"isIgnoredIfFailed":false,"type":"TEST_STEP","name":"verifyElementText","message":"Verify element text of test object \u0027Object Repository/admin product and transaction page/Page_ProjectBackend/a_Products\u0027 FAILED. (Root cause: com.kms.katalon.core.webui.exception.WebElementNotFoundException: Web element with id: \u0027Object Repository/admin product and transaction page/Page_ProjectBackend/a_Products\u0027 located by \u0027By.xpath: //*[@id\u003d\"navbarSupportedContent\"]/ul/li[1]/a\u0027 not found)","description":"","startTime":1525972124101,"endTime":1525972155263,"childRecords":[{"testStatus":{"stackTrace":"","statusValue":"FAILED"},"attachment":"1525972154735.png","type":"MESSAGE","name":"","message":"com.kms.katalon.core.webui.exception.WebElementNotFoundException: Web element with id: \u0027Object Repository/admin product and transaction page/Page_ProjectBackend/a_Products\u0027 located by \u0027By.xpath: //*[@id\u003d\"navbarSupportedContent\"]/ul/li[1]/a\u0027 not found","startTime":1525972155022,"endTime":0,"childRecords":[],"interuppted":false},{"testStatus":{"stackTrace":"","statusValue":"FAILED"},"attachment":"1525972155023.png","type":"MESSAGE","name":"","message":"Verify element text of test object \u0027Object Repository/admin product and transaction page/Page_ProjectBackend/a_Products\u0027 FAILED. (Root cause: com.kms.katalon.core.webui.exception.WebElementNotFoundException: Web element with id: \u0027Object Repository/admin product and transaction page/Page_ProjectBackend/a_Products\u0027 located by \u0027By.xpath: //*[@id\u003d\"navbarSupportedContent\"]/ul/li[1]/a\u0027 not found)","startTime":1525972155262,"endTime":0,"childRecords":[],"interuppted":false}],"interuppted":false},{"testStatus":{"stackTrace":"","statusValue":"FAILED"},"type":"MESSAGE","name":"","message":"Test Cases/test admin role login FAILED because (of) Verify element text of test object \u0027Object Repository/admin product and transaction page/Page_ProjectBackend/a_Products\u0027 FAILED. (Root cause: com.kms.katalon.core.webui.exception.WebElementNotFoundException: Web element with id: \u0027Object Repository/admin product and transaction page/Page_ProjectBackend/a_Products\u0027 located by \u0027By.xpath: //*[@id\u003d\"navbarSupportedContent\"]/ul/li[1]/a\u0027 not found)","startTime":1525972155264,"endTime":0,"childRecords":[],"interuppted":false}],"interuppted":false}],"interuppted":false}