{"devicePlatform":"","logFolder":"C:\\Users\\Runyo\\Desktop\\ADVANCE\\project new\\234project-backend\\Katalon test\\Reports\\test all\\20180510_235000","runData":{"hostName":"Runyo - 10.80.58.48","os":"Windows 10 64bit","katalonVersion":"5.4.1.1","browser":"Firefox 58.0","hostAddress":"10.80.58.48","sessionId":"430bc2d2-2f9e-41c1-9cb8-2011abb63894","seleniumVersion":"3.7.1","proxyInformation":"ProxyInformation{proxyOption\u003dNO_PROXY, proxyServerType\u003dHTTP, password\u003d, proxyServerAddress\u003d, proxyServerPort\u003d0}","platform":"Windows 10"},"type":"TEST_SUITE","name":"test all","id":"Test Suites/test all","source":"","message":"Test Cases/test admin role login FAILED because (of) Verify element text of test object \u0027Object Repository/admin product and transaction page/Page_ProjectBackend/a_Products\u0027 FAILED. (Root cause: com.kms.katalon.core.webui.exception.WebElementNotFoundException: Web element with id: \u0027Object Repository/admin product and transaction page/Page_ProjectBackend/a_Products\u0027 located by \u0027By.xpath: //a[@href \u003d \u0027/products\u0027 and (text() \u003d \u0027Products\n          \u0027 or . \u003d \u0027Products\n          \u0027)]\u0027 not found)","description":"","startTime":1525971003232,"endTime":1525971072925,"childRecords":[{"isOptional":false,"type":"TEST_CASE","name":"Test Cases/test username and password incorrectness","id":"Test Cases/test username and password incorrectness","source":"C:\\\\Users\\\\Runyo\\\\Desktop\\\\ADVANCE\\\\project new\\\\234project-backend\\\\Katalon test\\\\Test Cases\\\\test username and password incorrectness.tc","message":"Test Cases/test username and password incorrectness","description":"","startTime":1525971003837,"endTime":1525971024417,"childRecords":[{"testStatus":{"stackTrace":"","statusValue":"INFO"},"type":"MESSAGE","name":"","message":"Evaluating variables for test case","startTime":1525971003887,"endTime":0,"childRecords":[],"interuppted":false},{"testStatus":{"stackTrace":"","statusValue":"INFO"},"type":"MESSAGE","name":"","message":"Variable \u0027username\u0027 is set to sd","startTime":1525971003889,"endTime":0,"childRecords":[],"interuppted":false},{"testStatus":{"stackTrace":"","statusValue":"INFO"},"type":"MESSAGE","name":"","message":"Variable \u0027password\u0027 is set to std","startTime":1525971003890,"endTime":0,"childRecords":[],"interuppted":false},{"index":1,"isIgnoredIfFailed":false,"type":"TEST_STEP","name":"openBrowser","message":"Browser is opened with url: \u0027\u0027","description":"","startTime":1525971004443,"endTime":1525971013242,"childRecords":[{"testStatus":{"stackTrace":"","statusValue":"PASSED"},"type":"MESSAGE","name":"","message":"Browser is opened with url: \u0027\u0027","startTime":1525971013205,"endTime":0,"childRecords":[],"interuppted":false}],"interuppted":false},{"index":2,"isIgnoredIfFailed":false,"type":"TEST_STEP","name":"navigateToUrl","message":"Navigate to \u0027http://34.215.216.185:7071/\u0027 successfully","description":"","startTime":1525971013243,"endTime":1525971021245,"childRecords":[{"testStatus":{"stackTrace":"","statusValue":"PASSED"},"type":"MESSAGE","name":"","message":"Navigate to \u0027http://34.215.216.185:7071/\u0027 successfully","startTime":1525971021243,"endTime":0,"childRecords":[],"interuppted":false}],"interuppted":false},{"index":3,"isIgnoredIfFailed":false,"type":"TEST_STEP","name":"setText","message":"Text \u0027sd\u0027 is set on object \u0027Object Repository/user and password incorrect/Page_ProjectBackend/input_username\u0027","description":"","startTime":1525971021245,"endTime":1525971021497,"childRecords":[{"testStatus":{"stackTrace":"","statusValue":"PASSED"},"type":"MESSAGE","name":"","message":"Text \u0027sd\u0027 is set on object \u0027Object Repository/user and password incorrect/Page_ProjectBackend/input_username\u0027","startTime":1525971021496,"endTime":0,"childRecords":[],"interuppted":false}],"interuppted":false},{"index":4,"isIgnoredIfFailed":false,"type":"TEST_STEP","name":"setText","message":"Text \u0027std\u0027 is set on object \u0027Object Repository/user and password incorrect/Page_ProjectBackend/input_password\u0027","description":"","startTime":1525971021497,"endTime":1525971022473,"childRecords":[{"testStatus":{"stackTrace":"","statusValue":"PASSED"},"type":"MESSAGE","name":"","message":"Text \u0027std\u0027 is set on object \u0027Object Repository/user and password incorrect/Page_ProjectBackend/input_password\u0027","startTime":1525971022473,"endTime":0,"childRecords":[],"interuppted":false}],"interuppted":false},{"index":5,"isIgnoredIfFailed":false,"type":"TEST_STEP","name":"click","message":"Object: \u0027Object Repository/user and password incorrect/Page_ProjectBackend/button_Login\u0027 is clicked on","description":"","startTime":1525971022473,"endTime":1525971022831,"childRecords":[{"testStatus":{"stackTrace":"","statusValue":"PASSED"},"type":"MESSAGE","name":"","message":"Object: \u0027Object Repository/user and password incorrect/Page_ProjectBackend/button_Login\u0027 is clicked on","startTime":1525971022831,"endTime":0,"childRecords":[],"interuppted":false}],"interuppted":false},{"index":6,"isIgnoredIfFailed":false,"type":"TEST_STEP","name":"verifyElementText","message":"Actual text and expected text of test object \u0027Object Repository/user and password incorrect/Page_ProjectBackend/label_Usernamepassword is inco\u0027 are matched.","description":"","startTime":1525971022831,"endTime":1525971023900,"childRecords":[{"testStatus":{"stackTrace":"","statusValue":"PASSED"},"type":"MESSAGE","name":"","message":"Actual text and expected text of test object \u0027Object Repository/user and password incorrect/Page_ProjectBackend/label_Usernamepassword is inco\u0027 are matched.","startTime":1525971023899,"endTime":0,"childRecords":[],"interuppted":false}],"interuppted":false},{"index":7,"isIgnoredIfFailed":false,"type":"TEST_STEP","name":"closeBrowser","message":"Browser is closed","description":"","startTime":1525971023900,"endTime":1525971024416,"childRecords":[{"testStatus":{"stackTrace":"","statusValue":"PASSED"},"type":"MESSAGE","name":"","message":"Browser is closed","startTime":1525971024416,"endTime":0,"childRecords":[],"interuppted":false}],"interuppted":false},{"testStatus":{"stackTrace":"","statusValue":"PASSED"},"type":"MESSAGE","name":"","message":"Test Cases/test username and password incorrectness","startTime":1525971024416,"endTime":0,"childRecords":[],"interuppted":false}],"interuppted":false},{"isOptional":false,"type":"TEST_CASE","name":"Test Cases/test admin role login","id":"Test Cases/test admin role login","source":"C:\\\\Users\\\\Runyo\\\\Desktop\\\\ADVANCE\\\\project new\\\\234project-backend\\\\Katalon test\\\\Test Cases\\\\test admin role login.tc","message":"Test Cases/test admin role login FAILED because (of) Verify element text of test object \u0027Object Repository/admin product and transaction page/Page_ProjectBackend/a_Products\u0027 FAILED. (Root cause: com.kms.katalon.core.webui.exception.WebElementNotFoundException: Web element with id: \u0027Object Repository/admin product and transaction page/Page_ProjectBackend/a_Products\u0027 located by \u0027By.xpath: //a[@href \u003d \u0027/products\u0027 and (text() \u003d \u0027Products\n          \u0027 or . \u003d \u0027Products\n          \u0027)]\u0027 not found)","description":"","startTime":1525971024419,"endTime":1525971072567,"childRecords":[{"testStatus":{"stackTrace":"","statusValue":"INFO"},"type":"MESSAGE","name":"","message":"Evaluating variables for test case","startTime":1525971024432,"endTime":0,"childRecords":[],"interuppted":false},{"testStatus":{"stackTrace":"","statusValue":"INFO"},"type":"MESSAGE","name":"","message":"Variable \u0027username\u0027 is set to  as default","startTime":1525971024537,"endTime":0,"childRecords":[],"interuppted":false},{"testStatus":{"stackTrace":"","statusValue":"INFO"},"type":"MESSAGE","name":"","message":"Variable \u0027password\u0027 is set to  as default","startTime":1525971024554,"endTime":0,"childRecords":[],"interuppted":false},{"index":1,"isIgnoredIfFailed":false,"type":"TEST_STEP","name":"openBrowser","message":"Browser is opened with url: \u0027\u0027","description":"","startTime":1525971024766,"endTime":1525971032074,"childRecords":[{"testStatus":{"stackTrace":"","statusValue":"PASSED"},"type":"MESSAGE","name":"","message":"Browser is opened with url: \u0027\u0027","startTime":1525971032073,"endTime":0,"childRecords":[],"interuppted":false}],"interuppted":false},{"index":2,"isIgnoredIfFailed":false,"type":"TEST_STEP","name":"navigateToUrl","message":"Navigate to \u0027http://34.215.216.185:7071/\u0027 successfully","description":"","startTime":1525971032074,"endTime":1525971039204,"childRecords":[{"testStatus":{"stackTrace":"","statusValue":"PASSED"},"type":"MESSAGE","name":"","message":"Navigate to \u0027http://34.215.216.185:7071/\u0027 successfully","startTime":1525971039203,"endTime":0,"childRecords":[],"interuppted":false}],"interuppted":false},{"index":3,"isIgnoredIfFailed":false,"type":"TEST_STEP","name":"setText","message":"Text \u0027\u0027 is set on object \u0027Object Repository/admin product and transaction page/Page_ProjectBackend/input_username\u0027","description":"","startTime":1525971039204,"endTime":1525971039298,"childRecords":[{"testStatus":{"stackTrace":"","statusValue":"PASSED"},"type":"MESSAGE","name":"","message":"Text \u0027\u0027 is set on object \u0027Object Repository/admin product and transaction page/Page_ProjectBackend/input_username\u0027","startTime":1525971039298,"endTime":0,"childRecords":[],"interuppted":false}],"interuppted":false},{"index":4,"isIgnoredIfFailed":false,"type":"TEST_STEP","name":"setText","message":"Text \u0027\u0027 is set on object \u0027Object Repository/admin product and transaction page/Page_ProjectBackend/input_password\u0027","description":"","startTime":1525971039298,"endTime":1525971039357,"childRecords":[{"testStatus":{"stackTrace":"","statusValue":"PASSED"},"type":"MESSAGE","name":"","message":"Text \u0027\u0027 is set on object \u0027Object Repository/admin product and transaction page/Page_ProjectBackend/input_password\u0027","startTime":1525971039356,"endTime":0,"childRecords":[],"interuppted":false}],"interuppted":false},{"index":5,"isIgnoredIfFailed":false,"type":"TEST_STEP","name":"click","message":"Object: \u0027Object Repository/admin product and transaction page/Page_ProjectBackend/button_Login\u0027 is clicked on","description":"","startTime":1525971039357,"endTime":1525971041967,"childRecords":[{"testStatus":{"stackTrace":"","statusValue":"PASSED"},"type":"MESSAGE","name":"","message":"Object: \u0027Object Repository/admin product and transaction page/Page_ProjectBackend/button_Login\u0027 is clicked on","startTime":1525971041967,"endTime":0,"childRecords":[],"interuppted":false}],"interuppted":false},{"attachment":"1525971072497.png","index":6,"isIgnoredIfFailed":false,"type":"TEST_STEP","name":"verifyElementText","message":"Verify element text of test object \u0027Object Repository/admin product and transaction page/Page_ProjectBackend/a_Products\u0027 FAILED. (Root cause: com.kms.katalon.core.webui.exception.WebElementNotFoundException: Web element with id: \u0027Object Repository/admin product and transaction page/Page_ProjectBackend/a_Products\u0027 located by \u0027By.xpath: //a[@href \u003d \u0027/products\u0027 and (text() \u003d \u0027Products\n          \u0027 or . \u003d \u0027Products\n          \u0027)]\u0027 not found)","description":"","startTime":1525971041968,"endTime":1525971072565,"childRecords":[{"testStatus":{"stackTrace":"","statusValue":"FAILED"},"attachment":"1525971072424.png","type":"MESSAGE","name":"","message":"com.kms.katalon.core.webui.exception.WebElementNotFoundException: Web element with id: \u0027Object Repository/admin product and transaction page/Page_ProjectBackend/a_Products\u0027 located by \u0027By.xpath: //a[@href \u003d \u0027/products\u0027 and (text() \u003d \u0027Products\n          \u0027 or . \u003d \u0027Products\n          \u0027)]\u0027 not found","startTime":1525971072496,"endTime":0,"childRecords":[],"interuppted":false},{"testStatus":{"stackTrace":"","statusValue":"FAILED"},"attachment":"1525971072497.png","type":"MESSAGE","name":"","message":"Verify element text of test object \u0027Object Repository/admin product and transaction page/Page_ProjectBackend/a_Products\u0027 FAILED. (Root cause: com.kms.katalon.core.webui.exception.WebElementNotFoundException: Web element with id: \u0027Object Repository/admin product and transaction page/Page_ProjectBackend/a_Products\u0027 located by \u0027By.xpath: //a[@href \u003d \u0027/products\u0027 and (text() \u003d \u0027Products\n          \u0027 or . \u003d \u0027Products\n          \u0027)]\u0027 not found)","startTime":1525971072565,"endTime":0,"childRecords":[],"interuppted":false}],"interuppted":false},{"testStatus":{"stackTrace":"","statusValue":"FAILED"},"type":"MESSAGE","name":"","message":"Test Cases/test admin role login FAILED because (of) Verify element text of test object \u0027Object Repository/admin product and transaction page/Page_ProjectBackend/a_Products\u0027 FAILED. (Root cause: com.kms.katalon.core.webui.exception.WebElementNotFoundException: Web element with id: \u0027Object Repository/admin product and transaction page/Page_ProjectBackend/a_Products\u0027 located by \u0027By.xpath: //a[@href \u003d \u0027/products\u0027 and (text() \u003d \u0027Products\n          \u0027 or . \u003d \u0027Products\n          \u0027)]\u0027 not found)","startTime":1525971072566,"endTime":0,"childRecords":[],"interuppted":false}],"interuppted":false}],"interuppted":false}