<?xml version="1.0" encoding="UTF-8"?>
<testsuites name="test all" time="69" tests="1" failures="1" errors="0">
   <testsuite name="test all" tests="1" failures="1" errors="0" time="69" timestamp="2018-05-10 23:50:03" hostname="Runyo - 10.80.58.48" id="Test Suites/test all">
      <properties>
         <property name="deviceName" value=""/>
         <property name="devicePlatform" value=""/>
         <property name="logFolder" value="C:\\Users\\Runyo\\Desktop\\ADVANCE\\project new\\234project-backend\\Katalon test\\Reports\\test all\\20180510_235000"/>
         <property name="logFiles" value="C:\\Users\\Runyo\\Desktop\\ADVANCE\\project new\\234project-backend\\Katalon test\\Reports\\test all\\20180510_235000\\execution0.log"/>
         <property name="attachments" value="C:\\Users\\Runyo\\Desktop\\ADVANCE\\project new\\234project-backend\\Katalon test\\Reports\\test all\\20180510_235000\\1525971072424.png, C:\\Users\\Runyo\\Desktop\\ADVANCE\\project new\\234project-backend\\Katalon test\\Reports\\test all\\20180510_235000\\1525971072497.png"/>
         <property name="hostName" value="Runyo - 10.80.58.48"/>
         <property name="os" value="Windows 10 64bit"/>
         <property name="katalonVersion" value="5.4.1.1"/>
         <property name="browser" value="Firefox 58.0"/>
         <property name="hostAddress" value="10.80.58.48"/>
         <property name="sessionId" value="430bc2d2-2f9e-41c1-9cb8-2011abb63894"/>
         <property name="seleniumVersion" value="3.7.1"/>
         <property name="proxyInformation" value="ProxyInformation{proxyOption=NO_PROXY, proxyServerType=HTTP, password=, proxyServerAddress=, proxyServerPort=0}"/>
         <property name="platform" value="Windows 10"/>
      </properties>
      <testcase name="Test Cases/test username and password incorrectness" classname="Test Cases/test username and password incorrectness" status="PASSED">
         <system-out><![CDATA[2018-05-10 23:50:03 - [TEST_CASE][PASSED] - Test Cases/test username and password incorrectness: Test Cases/test username and password incorrectness

2018-05-10 23:50:04 - [TEST_STEP][PASSED] - openBrowser: Browser is opened with url: ''

2018-05-10 23:50:13 - [MESSAGE][PASSED] - Browser is opened with url: ''

2018-05-10 23:50:13 - [TEST_STEP][PASSED] - navigateToUrl: Navigate to 'http://34.215.216.185:7071/' successfully

2018-05-10 23:50:21 - [MESSAGE][PASSED] - Navigate to 'http://34.215.216.185:7071/' successfully

2018-05-10 23:50:21 - [TEST_STEP][PASSED] - setText: Text 'sd' is set on object 'Object Repository/user and password incorrect/Page_ProjectBackend/input_username'

2018-05-10 23:50:21 - [MESSAGE][PASSED] - Text 'sd' is set on object 'Object Repository/user and password incorrect/Page_ProjectBackend/input_username'

2018-05-10 23:50:21 - [TEST_STEP][PASSED] - setText: Text 'std' is set on object 'Object Repository/user and password incorrect/Page_ProjectBackend/input_password'

2018-05-10 23:50:22 - [MESSAGE][PASSED] - Text 'std' is set on object 'Object Repository/user and password incorrect/Page_ProjectBackend/input_password'

2018-05-10 23:50:22 - [TEST_STEP][PASSED] - click: Object: 'Object Repository/user and password incorrect/Page_ProjectBackend/button_Login' is clicked on

2018-05-10 23:50:22 - [MESSAGE][PASSED] - Object: 'Object Repository/user and password incorrect/Page_ProjectBackend/button_Login' is clicked on

2018-05-10 23:50:22 - [TEST_STEP][PASSED] - verifyElementText: Actual text and expected text of test object 'Object Repository/user and password incorrect/Page_ProjectBackend/label_Usernamepassword is inco' are matched.

2018-05-10 23:50:23 - [MESSAGE][PASSED] - Actual text and expected text of test object 'Object Repository/user and password incorrect/Page_ProjectBackend/label_Usernamepassword is inco' are matched.

2018-05-10 23:50:23 - [TEST_STEP][PASSED] - closeBrowser: Browser is closed

2018-05-10 23:50:24 - [MESSAGE][PASSED] - Browser is closed]]></system-out>
         <system-err><![CDATA[]]></system-err>
      </testcase>
      <testcase name="Test Cases/test admin role login" classname="Test Cases/test admin role login" status="FAILED">
         <failure type="FAILED" message="Verify element text of test object 'Object Repository/admin product and transaction page/Page_ProjectBackend/a_Products' FAILED. (Root cause: com.kms.katalon.core.webui.exception.WebElementNotFoundException: Web element with id: 'Object Repository/admin product and transaction page/Page_ProjectBackend/a_Products' located by 'By.xpath: //a[@href = '/products' and (text() = 'Products
          ' or . = 'Products
          ')]' not found)"/>
         <system-out><![CDATA[2018-05-10 23:50:24 - [TEST_CASE][FAILED] - Test Cases/test admin role login: Test Cases/test admin role login FAILED because (of) Verify element text of test object 'Object Repository/admin product and transaction page/Page_ProjectBackend/a_Products' FAILED. (Root cause: com.kms.katalon.core.webui.exception.WebElementNotFoundException: Web element with id: 'Object Repository/admin product and transaction page/Page_ProjectBackend/a_Products' located by 'By.xpath: //a[@href = '/products' and (text() = 'Products
          ' or . = 'Products
          ')]' not found)

2018-05-10 23:50:24 - [TEST_STEP][PASSED] - openBrowser: Browser is opened with url: ''

2018-05-10 23:50:32 - [MESSAGE][PASSED] - Browser is opened with url: ''

2018-05-10 23:50:32 - [TEST_STEP][PASSED] - navigateToUrl: Navigate to 'http://34.215.216.185:7071/' successfully

2018-05-10 23:50:39 - [MESSAGE][PASSED] - Navigate to 'http://34.215.216.185:7071/' successfully

2018-05-10 23:50:39 - [TEST_STEP][PASSED] - setText: Text '' is set on object 'Object Repository/admin product and transaction page/Page_ProjectBackend/input_username'

2018-05-10 23:50:39 - [MESSAGE][PASSED] - Text '' is set on object 'Object Repository/admin product and transaction page/Page_ProjectBackend/input_username'

2018-05-10 23:50:39 - [TEST_STEP][PASSED] - setText: Text '' is set on object 'Object Repository/admin product and transaction page/Page_ProjectBackend/input_password'

2018-05-10 23:50:39 - [MESSAGE][PASSED] - Text '' is set on object 'Object Repository/admin product and transaction page/Page_ProjectBackend/input_password'

2018-05-10 23:50:39 - [TEST_STEP][PASSED] - click: Object: 'Object Repository/admin product and transaction page/Page_ProjectBackend/button_Login' is clicked on

2018-05-10 23:50:41 - [MESSAGE][PASSED] - Object: 'Object Repository/admin product and transaction page/Page_ProjectBackend/button_Login' is clicked on

2018-05-10 23:50:41 - [TEST_STEP][FAILED] - verifyElementText: Verify element text of test object 'Object Repository/admin product and transaction page/Page_ProjectBackend/a_Products' FAILED. (Root cause: com.kms.katalon.core.webui.exception.WebElementNotFoundException: Web element with id: 'Object Repository/admin product and transaction page/Page_ProjectBackend/a_Products' located by 'By.xpath: //a[@href = '/products' and (text() = 'Products
          ' or . = 'Products
          ')]' not found)

2018-05-10 23:51:12 - [MESSAGE][FAILED] - com.kms.katalon.core.webui.exception.WebElementNotFoundException: Web element with id: 'Object Repository/admin product and transaction page/Page_ProjectBackend/a_Products' located by 'By.xpath: //a[@href = '/products' and (text() = 'Products
          ' or . = 'Products
          ')]' not found
[[ATTACHMENT|C:\\Users\\Runyo\\Desktop\\ADVANCE\\project new\\234project-backend\\Katalon test\\Reports\\test all\\20180510_235000\\1525971072424.png]]

2018-05-10 23:51:12 - [MESSAGE][FAILED] - Verify element text of test object 'Object Repository/admin product and transaction page/Page_ProjectBackend/a_Products' FAILED. (Root cause: com.kms.katalon.core.webui.exception.WebElementNotFoundException: Web element with id: 'Object Repository/admin product and transaction page/Page_ProjectBackend/a_Products' located by 'By.xpath: //a[@href = '/products' and (text() = 'Products
          ' or . = 'Products
          ')]' not found)
[[ATTACHMENT|C:\\Users\\Runyo\\Desktop\\ADVANCE\\project new\\234project-backend\\Katalon test\\Reports\\test all\\20180510_235000\\1525971072497.png]]]]></system-out>
         <system-err><![CDATA[2018-05-10 23:50:24 - [TEST_CASE][FAILED] - Test Cases/test admin role login: Test Cases/test admin role login FAILED because (of) Verify element text of test object 'Object Repository/admin product and transaction page/Page_ProjectBackend/a_Products' FAILED. (Root cause: com.kms.katalon.core.webui.exception.WebElementNotFoundException: Web element with id: 'Object Repository/admin product and transaction page/Page_ProjectBackend/a_Products' located by 'By.xpath: //a[@href = '/products' and (text() = 'Products
          ' or . = 'Products
          ')]' not found)]]></system-err>
      </testcase>
      <system-out><![CDATA[2018-05-10 23:50:03 - [TEST_SUITE][FAILED] - test all: Test Cases/test admin role login FAILED because (of) Verify element text of test object 'Object Repository/admin product and transaction page/Page_ProjectBackend/a_Products' FAILED. (Root cause: com.kms.katalon.core.webui.exception.WebElementNotFoundException: Web element with id: 'Object Repository/admin product and transaction page/Page_ProjectBackend/a_Products' located by 'By.xpath: //a[@href = '/products' and (text() = 'Products
          ' or . = 'Products
          ')]' not found)]]></system-out>
      <system-err><![CDATA[2018-05-10 23:50:03 - [TEST_SUITE][FAILED] - test all: Test Cases/test admin role login FAILED because (of) Verify element text of test object 'Object Repository/admin product and transaction page/Page_ProjectBackend/a_Products' FAILED. (Root cause: com.kms.katalon.core.webui.exception.WebElementNotFoundException: Web element with id: 'Object Repository/admin product and transaction page/Page_ProjectBackend/a_Products' located by 'By.xpath: //a[@href = '/products' and (text() = 'Products
          ' or . = 'Products
          ')]' not found)]]></system-err>
   </testsuite>
</testsuites>
