{"devicePlatform":"","logFolder":"C:\\Users\\Runyo\\Desktop\\ADVANCE\\project new\\234project-backend\\Katalon test\\Reports\\test all\\20180510_235313","runData":{"hostName":"Runyo - 10.80.58.48","os":"Windows 10 64bit","katalonVersion":"5.4.1.1","browser":"Firefox 58.0","hostAddress":"10.80.58.48","sessionId":"cede2e27-239b-4cd4-bf87-108a9f544cd2","seleniumVersion":"3.7.1","proxyInformation":"ProxyInformation{proxyOption\u003dNO_PROXY, proxyServerType\u003dHTTP, password\u003d, proxyServerAddress\u003d, proxyServerPort\u003d0}","platform":"Windows 10"},"type":"TEST_SUITE","name":"test all","id":"Test Suites/test all","source":"","message":"Test Cases/test admin role login FAILED because (of) Unable to click on object \u0027Object Repository/admin product and transaction page/Page_ProjectBackend/a_Products\u0027 (Root cause: com.kms.katalon.core.webui.exception.WebElementNotFoundException: Web element with id: \u0027Object Repository/admin product and transaction page/Page_ProjectBackend/a_Products\u0027 located by \u0027By.xpath: //a[@href \u003d \u0027/products\u0027 and (text() \u003d \u0027Products\n          \u0027 or . \u003d \u0027Products\n          \u0027)]\u0027 not found)","description":"","startTime":1525971197519,"endTime":1525971249155,"childRecords":[{"isOptional":false,"type":"TEST_CASE","name":"Test Cases/test admin role login","id":"Test Cases/test admin role login","source":"C:\\\\Users\\\\Runyo\\\\Desktop\\\\ADVANCE\\\\project new\\\\234project-backend\\\\Katalon test\\\\Test Cases\\\\test admin role login.tc","message":"Test Cases/test admin role login FAILED because (of) Unable to click on object \u0027Object Repository/admin product and transaction page/Page_ProjectBackend/a_Products\u0027 (Root cause: com.kms.katalon.core.webui.exception.WebElementNotFoundException: Web element with id: \u0027Object Repository/admin product and transaction page/Page_ProjectBackend/a_Products\u0027 located by \u0027By.xpath: //a[@href \u003d \u0027/products\u0027 and (text() \u003d \u0027Products\n          \u0027 or . \u003d \u0027Products\n          \u0027)]\u0027 not found)","description":"","startTime":1525971198036,"endTime":1525971248738,"childRecords":[{"testStatus":{"stackTrace":"","statusValue":"INFO"},"type":"MESSAGE","name":"","message":"Evaluating variables for test case","startTime":1525971198098,"endTime":0,"childRecords":[],"interuppted":false},{"testStatus":{"stackTrace":"","statusValue":"INFO"},"type":"MESSAGE","name":"","message":"Variable \u0027username\u0027 is set to  as default","startTime":1525971198212,"endTime":0,"childRecords":[],"interuppted":false},{"testStatus":{"stackTrace":"","statusValue":"INFO"},"type":"MESSAGE","name":"","message":"Variable \u0027password\u0027 is set to  as default","startTime":1525971198233,"endTime":0,"childRecords":[],"interuppted":false},{"index":1,"isIgnoredIfFailed":false,"type":"TEST_STEP","name":"openBrowser","message":"Browser is opened with url: \u0027\u0027","description":"","startTime":1525971198742,"endTime":1525971206903,"childRecords":[{"testStatus":{"stackTrace":"","statusValue":"PASSED"},"type":"MESSAGE","name":"","message":"Browser is opened with url: \u0027\u0027","startTime":1525971206898,"endTime":0,"childRecords":[],"interuppted":false}],"interuppted":false},{"index":2,"isIgnoredIfFailed":false,"type":"TEST_STEP","name":"navigateToUrl","message":"Navigate to \u0027http://34.215.216.185:7071/\u0027 successfully","description":"","startTime":1525971206904,"endTime":1525971215007,"childRecords":[{"testStatus":{"stackTrace":"","statusValue":"PASSED"},"type":"MESSAGE","name":"","message":"Navigate to \u0027http://34.215.216.185:7071/\u0027 successfully","startTime":1525971215006,"endTime":0,"childRecords":[],"interuppted":false}],"interuppted":false},{"index":3,"isIgnoredIfFailed":false,"type":"TEST_STEP","name":"setText","message":"Text \u0027\u0027 is set on object \u0027Object Repository/admin product and transaction page/Page_ProjectBackend/input_username\u0027","description":"","startTime":1525971215007,"endTime":1525971215254,"childRecords":[{"testStatus":{"stackTrace":"","statusValue":"PASSED"},"type":"MESSAGE","name":"","message":"Text \u0027\u0027 is set on object \u0027Object Repository/admin product and transaction page/Page_ProjectBackend/input_username\u0027","startTime":1525971215252,"endTime":0,"childRecords":[],"interuppted":false}],"interuppted":false},{"index":4,"isIgnoredIfFailed":false,"type":"TEST_STEP","name":"setText","message":"Text \u0027\u0027 is set on object \u0027Object Repository/admin product and transaction page/Page_ProjectBackend/input_password\u0027","description":"","startTime":1525971215254,"endTime":1525971215330,"childRecords":[{"testStatus":{"stackTrace":"","statusValue":"PASSED"},"type":"MESSAGE","name":"","message":"Text \u0027\u0027 is set on object \u0027Object Repository/admin product and transaction page/Page_ProjectBackend/input_password\u0027","startTime":1525971215329,"endTime":0,"childRecords":[],"interuppted":false}],"interuppted":false},{"index":5,"isIgnoredIfFailed":false,"type":"TEST_STEP","name":"click","message":"Object: \u0027Object Repository/admin product and transaction page/Page_ProjectBackend/button_Login\u0027 is clicked on","description":"","startTime":1525971215330,"endTime":1525971218208,"childRecords":[{"testStatus":{"stackTrace":"","statusValue":"PASSED"},"type":"MESSAGE","name":"","message":"Object: \u0027Object Repository/admin product and transaction page/Page_ProjectBackend/button_Login\u0027 is clicked on","startTime":1525971218208,"endTime":0,"childRecords":[],"interuppted":false}],"interuppted":false},{"attachment":"1525971248636.png","index":6,"isIgnoredIfFailed":false,"type":"TEST_STEP","name":"click","message":"Unable to click on object \u0027Object Repository/admin product and transaction page/Page_ProjectBackend/a_Products\u0027 (Root cause: com.kms.katalon.core.webui.exception.WebElementNotFoundException: Web element with id: \u0027Object Repository/admin product and transaction page/Page_ProjectBackend/a_Products\u0027 located by \u0027By.xpath: //a[@href \u003d \u0027/products\u0027 and (text() \u003d \u0027Products\n          \u0027 or . \u003d \u0027Products\n          \u0027)]\u0027 not found)","description":"","startTime":1525971218208,"endTime":1525971248737,"childRecords":[{"testStatus":{"stackTrace":"","statusValue":"FAILED"},"attachment":"1525971248636.png","type":"MESSAGE","name":"","message":"Unable to click on object \u0027Object Repository/admin product and transaction page/Page_ProjectBackend/a_Products\u0027 (Root cause: com.kms.katalon.core.webui.exception.WebElementNotFoundException: Web element with id: \u0027Object Repository/admin product and transaction page/Page_ProjectBackend/a_Products\u0027 located by \u0027By.xpath: //a[@href \u003d \u0027/products\u0027 and (text() \u003d \u0027Products\n          \u0027 or . \u003d \u0027Products\n          \u0027)]\u0027 not found)","startTime":1525971248736,"endTime":0,"childRecords":[],"interuppted":false}],"interuppted":false},{"testStatus":{"stackTrace":"","statusValue":"FAILED"},"type":"MESSAGE","name":"","message":"Test Cases/test admin role login FAILED because (of) Unable to click on object \u0027Object Repository/admin product and transaction page/Page_ProjectBackend/a_Products\u0027 (Root cause: com.kms.katalon.core.webui.exception.WebElementNotFoundException: Web element with id: \u0027Object Repository/admin product and transaction page/Page_ProjectBackend/a_Products\u0027 located by \u0027By.xpath: //a[@href \u003d \u0027/products\u0027 and (text() \u003d \u0027Products\n          \u0027 or . \u003d \u0027Products\n          \u0027)]\u0027 not found)","startTime":1525971248737,"endTime":0,"childRecords":[],"interuppted":false}],"interuppted":false}],"interuppted":false}