<?xml version="1.0" encoding="UTF-8"?>
<testsuites name="test all" time="47" tests="0" failures="1" errors="0">
   <testsuite name="test all" tests="0" failures="1" errors="0" time="47" timestamp="2018-05-11 00:04:46" hostname="Runyo - 10.80.58.48" id="Test Suites/test all">
      <properties>
         <property name="deviceName" value=""/>
         <property name="devicePlatform" value=""/>
         <property name="logFolder" value="C:\\Users\\Runyo\\Desktop\\ADVANCE\\project new\\234project-backend\\Katalon test\\Reports\\test all\\20180511_000443"/>
         <property name="logFiles" value="C:\\Users\\Runyo\\Desktop\\ADVANCE\\project new\\234project-backend\\Katalon test\\Reports\\test all\\20180511_000443\\execution0.log"/>
         <property name="attachments" value="C:\\Users\\Runyo\\Desktop\\ADVANCE\\project new\\234project-backend\\Katalon test\\Reports\\test all\\20180511_000443\\1525971933532.png, C:\\Users\\Runyo\\Desktop\\ADVANCE\\project new\\234project-backend\\Katalon test\\Reports\\test all\\20180511_000443\\1525971933621.png"/>
         <property name="hostName" value="Runyo - 10.80.58.48"/>
         <property name="os" value="Windows 10 64bit"/>
         <property name="katalonVersion" value="5.4.1.1"/>
         <property name="browser" value="Firefox 58.0"/>
         <property name="hostAddress" value="10.80.58.48"/>
         <property name="sessionId" value="2772df49-4b38-4887-bd4c-ff07254f3579"/>
         <property name="seleniumVersion" value="3.7.1"/>
         <property name="proxyInformation" value="ProxyInformation{proxyOption=NO_PROXY, proxyServerType=HTTP, password=, proxyServerAddress=, proxyServerPort=0}"/>
         <property name="platform" value="Windows 10"/>
      </properties>
      <testcase name="Test Cases/test admin role login" classname="Test Cases/test admin role login" status="FAILED">
         <failure type="FAILED" message="Verify element text of test object 'Object Repository/admin product and transaction page/Page_ProjectBackend/a_Products' FAILED. (Root cause: com.kms.katalon.core.webui.exception.WebElementNotFoundException: Web element with id: 'Object Repository/admin product and transaction page/Page_ProjectBackend/a_Products' located by 'By.xpath: //*[@id=&quot;navbarSupportedContent&quot;]/ul/li[1]/a' not found)"/>
         <system-out><![CDATA[2018-05-11 00:04:46 - [TEST_CASE][FAILED] - Test Cases/test admin role login: Test Cases/test admin role login FAILED because (of) Verify element text of test object 'Object Repository/admin product and transaction page/Page_ProjectBackend/a_Products' FAILED. (Root cause: com.kms.katalon.core.webui.exception.WebElementNotFoundException: Web element with id: 'Object Repository/admin product and transaction page/Page_ProjectBackend/a_Products' located by 'By.xpath: //*[@id="navbarSupportedContent"]/ul/li[1]/a' not found)

2018-05-11 00:04:47 - [TEST_STEP][PASSED] - openBrowser: Browser is opened with url: ''

2018-05-11 00:04:54 - [MESSAGE][PASSED] - Browser is opened with url: ''

2018-05-11 00:04:54 - [TEST_STEP][PASSED] - navigateToUrl: Navigate to 'http://34.215.216.185:7071/' successfully

2018-05-11 00:05:01 - [MESSAGE][PASSED] - Navigate to 'http://34.215.216.185:7071/' successfully

2018-05-11 00:05:01 - [TEST_STEP][PASSED] - setText: Text '' is set on object 'Object Repository/admin product and transaction page/Page_ProjectBackend/input_username'

2018-05-11 00:05:01 - [MESSAGE][PASSED] - Text '' is set on object 'Object Repository/admin product and transaction page/Page_ProjectBackend/input_username'

2018-05-11 00:05:01 - [TEST_STEP][PASSED] - setText: Text '' is set on object 'Object Repository/admin product and transaction page/Page_ProjectBackend/input_password'

2018-05-11 00:05:01 - [MESSAGE][PASSED] - Text '' is set on object 'Object Repository/admin product and transaction page/Page_ProjectBackend/input_password'

2018-05-11 00:05:01 - [TEST_STEP][PASSED] - click: Object: 'Object Repository/admin product and transaction page/Page_ProjectBackend/button_Login' is clicked on

2018-05-11 00:05:03 - [MESSAGE][PASSED] - Object: 'Object Repository/admin product and transaction page/Page_ProjectBackend/button_Login' is clicked on

2018-05-11 00:05:03 - [TEST_STEP][FAILED] - verifyElementText: Verify element text of test object 'Object Repository/admin product and transaction page/Page_ProjectBackend/a_Products' FAILED. (Root cause: com.kms.katalon.core.webui.exception.WebElementNotFoundException: Web element with id: 'Object Repository/admin product and transaction page/Page_ProjectBackend/a_Products' located by 'By.xpath: //*[@id="navbarSupportedContent"]/ul/li[1]/a' not found)

2018-05-11 00:05:33 - [MESSAGE][FAILED] - com.kms.katalon.core.webui.exception.WebElementNotFoundException: Web element with id: 'Object Repository/admin product and transaction page/Page_ProjectBackend/a_Products' located by 'By.xpath: //*[@id="navbarSupportedContent"]/ul/li[1]/a' not found
[[ATTACHMENT|C:\\Users\\Runyo\\Desktop\\ADVANCE\\project new\\234project-backend\\Katalon test\\Reports\\test all\\20180511_000443\\1525971933532.png]]

2018-05-11 00:05:33 - [MESSAGE][FAILED] - Verify element text of test object 'Object Repository/admin product and transaction page/Page_ProjectBackend/a_Products' FAILED. (Root cause: com.kms.katalon.core.webui.exception.WebElementNotFoundException: Web element with id: 'Object Repository/admin product and transaction page/Page_ProjectBackend/a_Products' located by 'By.xpath: //*[@id="navbarSupportedContent"]/ul/li[1]/a' not found)
[[ATTACHMENT|C:\\Users\\Runyo\\Desktop\\ADVANCE\\project new\\234project-backend\\Katalon test\\Reports\\test all\\20180511_000443\\1525971933621.png]]]]></system-out>
         <system-err><![CDATA[2018-05-11 00:04:46 - [TEST_CASE][FAILED] - Test Cases/test admin role login: Test Cases/test admin role login FAILED because (of) Verify element text of test object 'Object Repository/admin product and transaction page/Page_ProjectBackend/a_Products' FAILED. (Root cause: com.kms.katalon.core.webui.exception.WebElementNotFoundException: Web element with id: 'Object Repository/admin product and transaction page/Page_ProjectBackend/a_Products' located by 'By.xpath: //*[@id="navbarSupportedContent"]/ul/li[1]/a' not found)]]></system-err>
      </testcase>
      <system-out><![CDATA[2018-05-11 00:04:46 - [TEST_SUITE][FAILED] - test all: Test Cases/test admin role login FAILED because (of) Verify element text of test object 'Object Repository/admin product and transaction page/Page_ProjectBackend/a_Products' FAILED. (Root cause: com.kms.katalon.core.webui.exception.WebElementNotFoundException: Web element with id: 'Object Repository/admin product and transaction page/Page_ProjectBackend/a_Products' located by 'By.xpath: //*[@id="navbarSupportedContent"]/ul/li[1]/a' not found)]]></system-out>
      <system-err><![CDATA[2018-05-11 00:04:46 - [TEST_SUITE][FAILED] - test all: Test Cases/test admin role login FAILED because (of) Verify element text of test object 'Object Repository/admin product and transaction page/Page_ProjectBackend/a_Products' FAILED. (Root cause: com.kms.katalon.core.webui.exception.WebElementNotFoundException: Web element with id: 'Object Repository/admin product and transaction page/Page_ProjectBackend/a_Products' located by 'By.xpath: //*[@id="navbarSupportedContent"]/ul/li[1]/a' not found)]]></system-err>
   </testsuite>
</testsuites>
